2022.11.29 22:04:47 -> Push 123 to/from MyDeque => {123} :
2022.11.29 22:04:54 -> Enqueue 12345 to/from MyDeque => {123;12345} :
2022.11.29 22:04:56 -> Push 12345 to/from MyDeque => {12345;123;12345} :
2022.11.29 22:05:22 -> Add 12345 to/from StringList => {12345} :
2022.11.29 22:05:25 -> Replace 12345 to/from StringList => {12345} :
2022.11.29 22:05:32 -> Replace 12345678 to/from StringList => {12345678} :
2022.11.30 14:54:53 -> Add 12345 to/from StringList => {12345} :
2022.11.30 14:54:53 -> Add 12345 to/from StringList => {12345;12345} :
2022.11.30 14:54:53 -> Add 12345 to/from StringList => {12345;12345;12345} :
2022.11.30 14:54:54 -> Add 12345 to/from StringList => {12345;12345;12345;12345} :
2022.11.30 14:54:54 -> Add 12345 to/from StringList => {12345;12345;12345;12345;12345} :
2022.12.14 01:44:28 -> Push  to/from MyStack => {} :
2022.12.14 01:44:33 -> Push 5 to/from MyStack => {5;} :
2022.12.14 01:44:37 -> Push 4 to/from MyStack => {4;5;} :
2022.12.14 01:44:39 -> Get 4 to/from MyStack => {5;} :
2022.12.14 01:44:56 -> Add 12345 to/from StringList => {12345} :
2022.12.14 02:45:53 -> Push 5 to/from MyStack => {5} :
2022.12.14 02:45:57 -> Push 4 to/from MyStack => {4;5} :
2022.12.14 02:45:59 -> Get 5 to/from MyStack => {4} :
2022.12.14 02:55:39 -> Push 5 to/from MyStack => {5} :
2022.12.14 02:55:44 -> Push 4 to/from MyStack => {4;5} :
2022.12.14 02:55:44 -> Get 5 to/from MyStack => {4} :
2022.12.14 02:55:45 -> Get 4 to/from MyStack => {} :
